<?xml version="1.0" encoding="UTF-8"?>
<!-- Generated by org.testng.reporters.JUnitReportReporter -->
<testsuite skipped="1" hostname="LAPTOP-91SG2SI1" name="runners.CukesRunner" tests="1" failures="0" timestamp="11 Aug 2018 22:36:21 GMT" time="53.723" errors="0">
  <testcase name="runScenario" time="53.723" classname="runners.CukesRunner">
    <skipped/>
  </testcase> <!-- runScenario -->
</testsuite> <!-- runners.CukesRunner -->
