<?xml version="1.0" encoding="UTF-8"?>
<!-- Generated by org.testng.reporters.JUnitReportReporter -->
<testsuite skipped="1" hostname="LAPTOP-91SG2SI1" name="runners.CukesRunner" tests="1" failures="0" timestamp="08 Aug 2018 06:46:30 GMT" time="0.091" errors="0">
  <testcase name="runScenario" time="0.091" classname="runners.CukesRunner">
    <skipped/>
  </testcase> <!-- runScenario -->
</testsuite> <!-- runners.CukesRunner -->
