<?xml version="1.0" encoding="UTF-8"?>
<!-- Generated by org.testng.reporters.JUnitReportReporter -->
<testsuite skipped="0" hostname="LAPTOP-91SG2SI1" name="runners.CukesRunner" tests="1" failures="0" timestamp="10 Aug 2018 00:38:47 GMT" time="26.246" errors="0">
  <testcase name="runScenario" time="26.246" classname="runners.CukesRunner"/>
</testsuite> <!-- runners.CukesRunner -->
